2017-03-22 20:52:14 [172.16.67.0][-][-][error][yii\db\Exception] exception 'PDOException' with message 'SQLSTATE[HY000] [1045] Access denied for user 'yii2_basic'@'localhost' (using password: YES)' in /data/webroot/vendor/yiisoft/yii2/db/Connection.php:602
Stack trace:
#0 /data/webroot/vendor/yiisoft/yii2/db/Connection.php(602): PDO->__construct('mysql:host=loca...', 'yii2_basic', 'imooc_basic', NULL)
#1 /data/webroot/vendor/yiisoft/yii2/db/Connection.php(544): yii\db\Connection->createPdoInstance()
#2 /data/webroot/vendor/yiisoft/yii2/db/Connection.php(863): yii\db\Connection->open()
#3 /data/webroot/vendor/yiisoft/yii2/db/Connection.php(850): yii\db\Connection->getMasterPdo()
#4 /data/webroot/vendor/yiisoft/yii2/db/Command.php(219): yii\db\Connection->getSlavePdo()
#5 /data/webroot/vendor/yiisoft/yii2/db/Command.php(894): yii\db\Command->prepare('<span class="ke...')
#6 /data/webroot/vendor/yiisoft/yii2/db/Command.php(362): yii\db\Command->queryInternal('<span class="st...', '<span class="ke...')
#7 /data/webroot/vendor/yiisoft/yii2/db/Query.php(210): yii\db\Command->queryAll()
#8 /data/webroot/vendor/yiisoft/yii2/db/ActiveQuery.php(133): yii\db\Query->all('<span class="ke...')
#9 /data/webroot/models/Category.php(120): yii\db\ActiveQuery->all()
#10 /data/webroot/controllers/CommonController.php(53): app\models\Category::getMenu()
#11 /data/webroot/vendor/yiisoft/yii2/base/Object.php(107): app\controllers\CommonController->init()
#12 /data/webroot/vendor/yiisoft/yii2/base/Controller.php(84): yii\base\Object->__construct('[]')
#13 [internal function]: yii\base\Controller->__construct('<span class="st...', Object(yii\web\Application), '[]')
#14 /data/webroot/vendor/yiisoft/yii2/di/Container.php(373): ReflectionClass->newInstanceArgs('[<span class="s...')
#15 /data/webroot/vendor/yiisoft/yii2/di/Container.php(154): yii\di\Container->build('<span class="st...', '[<span class="s...', '[]')
#16 /data/webroot/vendor/yiisoft/yii2/BaseYii.php(340): yii\di\Container->get('<span class="st...', '[<span class="s...')
#17 /data/webroot/vendor/yiisoft/yii2/base/Module.php(569): yii\BaseYii::createObject('<span class="st...', '[<span class="s...')
#18 /data/webroot/vendor/yiisoft/yii2/base/Module.php(522): yii\base\Module->createControllerByID('<span class="st...')
#19 /data/webroot/vendor/yiisoft/yii2/base/Module.php(448): yii\base\Module->createController('<span class="st...')
#20 /data/webroot/vendor/yiisoft/yii2/web/Application.php(100): yii\base\Module->runAction('<span class="st...', '[]')
#21 /data/webroot/vendor/yiisoft/yii2/base/Application.php(375): yii\web\Application->handleRequest(Object(yii\web\Request))
#22 /data/webroot/web/index.php(12): yii\base\Application->run()
#23 {main}

Next exception 'yii\db\Exception' with message 'SQLSTATE[HY000] [1045] Access denied for user 'yii2_basic'@'localhost' (using password: YES)' in /data/webroot/vendor/yiisoft/yii2/db/Connection.php:549
Stack trace:
#0 /data/webroot/vendor/yiisoft/yii2/db/Connection.php(863): yii\db\Connection->open()
#1 /data/webroot/vendor/yiisoft/yii2/db/Connection.php(850): yii\db\Connection->getMasterPdo()
#2 /data/webroot/vendor/yiisoft/yii2/db/Command.php(219): yii\db\Connection->getSlavePdo()
#3 /data/webroot/vendor/yiisoft/yii2/db/Command.php(894): yii\db\Command->prepare('<span class="ke...')
#4 /data/webroot/vendor/yiisoft/yii2/db/Command.php(362): yii\db\Command->queryInternal('<span class="st...', '<span class="ke...')
#5 /data/webroot/vendor/yiisoft/yii2/db/Query.php(210): yii\db\Command->queryAll()
#6 /data/webroot/vendor/yiisoft/yii2/db/ActiveQuery.php(133): yii\db\Query->all('<span class="ke...')
#7 /data/webroot/models/Category.php(120): yii\db\ActiveQuery->all()
#8 /data/webroot/controllers/CommonController.php(53): app\models\Category::getMenu()
#9 /data/webroot/vendor/yiisoft/yii2/base/Object.php(107): app\controllers\CommonController->init()
#10 /data/webroot/vendor/yiisoft/yii2/base/Controller.php(84): yii\base\Object->__construct('[]')
#11 [internal function]: yii\base\Controller->__construct('<span class="st...', Object(yii\web\Application), '[]')
#12 /data/webroot/vendor/yiisoft/yii2/di/Container.php(373): ReflectionClass->newInstanceArgs('[<span class="s...')
#13 /data/webroot/vendor/yiisoft/yii2/di/Container.php(154): yii\di\Container->build('<span class="st...', '[<span class="s...', '[]')
#14 /data/webroot/vendor/yiisoft/yii2/BaseYii.php(340): yii\di\Container->get('<span class="st...', '[<span class="s...')
#15 /data/webroot/vendor/yiisoft/yii2/base/Module.php(569): yii\BaseYii::createObject('<span class="st...', '[<span class="s...')
#16 /data/webroot/vendor/yiisoft/yii2/base/Module.php(522): yii\base\Module->createControllerByID('<span class="st...')
#17 /data/webroot/vendor/yiisoft/yii2/base/Module.php(448): yii\base\Module->createController('<span class="st...')
#18 /data/webroot/vendor/yiisoft/yii2/web/Application.php(100): yii\base\Module->runAction('<span class="st...', '[]')
#19 /data/webroot/vendor/yiisoft/yii2/base/Application.php(375): yii\web\Application->handleRequest(Object(yii\web\Request))
#20 /data/webroot/web/index.php(12): yii\base\Application->run()
#21 {main}
Additional Information:

2017-03-22 20:52:14 [172.16.67.0][-][-][info][application] $_SERVER = [
    'USER' => 'www'
    'HOME' => '/home/www'
    'FCGI_ROLE' => 'RESPONDER'
    'SCRIPT_FILENAME' => '/data/webroot/web/index.php'
    'QUERY_STRING' => ''
    'REQUEST_METHOD' => 'GET'
    'CONTENT_TYPE' => ''
    'CONTENT_LENGTH' => ''
    'SCRIPT_NAME' => '/index.php'
    'REQUEST_URI' => '/?'
    'DOCUMENT_URI' => '/index.php'
    'DOCUMENT_ROOT' => '/data/webroot/web'
    'SERVER_PROTOCOL' => 'HTTP/1.0'
    'REQUEST_SCHEME' => 'http'
    'GATEWAY_INTERFACE' => 'CGI/1.1'
    'SERVER_SOFTWARE' => 'nginx/1.9.3'
    'REMOTE_ADDR' => '172.16.67.0'
    'REMOTE_PORT' => '49208'
    'SERVER_ADDR' => '172.16.34.13'
    'SERVER_PORT' => '80'
    'SERVER_NAME' => 'localhost'
    'REDIRECT_STATUS' => '200'
    'HTTP_HOST' => 'highking.p.imooc.io'
    'HTTP_MONTH' => '03'
    'HTTP_MARKING' => 'g0vflf'
    'HTTP_CONNECTION' => 'close'
    'HTTP_X_REAL_IP' => '10.100.128.1'
    'HTTP_X_FORWARDED_FOR' => '10.100.128.1'
    'HTTP_USER_AGENT' => 'Mozilla/4.0'
    'HTTP_ACCEPT' => '*/*'
    'PHP_SELF' => '/index.php'
    'REQUEST_TIME_FLOAT' => 1490187133.9802
    'REQUEST_TIME' => 1490187133
]
2017-03-22 20:52:33 [172.16.67.0][-][-][error][yii\db\Exception] exception 'PDOException' with message 'SQLSTATE[HY000] [1045] Access denied for user 'yii2_basic'@'localhost' (using password: YES)' in /data/webroot/vendor/yiisoft/yii2/db/Connection.php:602
Stack trace:
#0 /data/webroot/vendor/yiisoft/yii2/db/Connection.php(602): PDO->__construct('mysql:host=loca...', 'yii2_basic', 'imooc_basic', NULL)
#1 /data/webroot/vendor/yiisoft/yii2/db/Connection.php(544): yii\db\Connection->createPdoInstance()
#2 /data/webroot/vendor/yiisoft/yii2/db/Connection.php(863): yii\db\Connection->open()
#3 /data/webroot/vendor/yiisoft/yii2/db/Connection.php(850): yii\db\Connection->getMasterPdo()
#4 /data/webroot/vendor/yiisoft/yii2/db/Command.php(219): yii\db\Connection->getSlavePdo()
#5 /data/webroot/vendor/yiisoft/yii2/db/Command.php(894): yii\db\Command->prepare('<span class="ke...')
#6 /data/webroot/vendor/yiisoft/yii2/db/Command.php(362): yii\db\Command->queryInternal('<span class="st...', '<span class="ke...')
#7 /data/webroot/vendor/yiisoft/yii2/db/Query.php(210): yii\db\Command->queryAll()
#8 /data/webroot/vendor/yiisoft/yii2/db/ActiveQuery.php(133): yii\db\Query->all('<span class="ke...')
#9 /data/webroot/models/Category.php(120): yii\db\ActiveQuery->all()
#10 /data/webroot/controllers/CommonController.php(53): app\models\Category::getMenu()
#11 /data/webroot/vendor/yiisoft/yii2/base/Object.php(107): app\controllers\CommonController->init()
#12 /data/webroot/vendor/yiisoft/yii2/base/Controller.php(84): yii\base\Object->__construct('[]')
#13 [internal function]: yii\base\Controller->__construct('<span class="st...', Object(yii\web\Application), '[]')
#14 /data/webroot/vendor/yiisoft/yii2/di/Container.php(373): ReflectionClass->newInstanceArgs('[<span class="s...')
#15 /data/webroot/vendor/yiisoft/yii2/di/Container.php(154): yii\di\Container->build('<span class="st...', '[<span class="s...', '[]')
#16 /data/webroot/vendor/yiisoft/yii2/BaseYii.php(340): yii\di\Container->get('<span class="st...', '[<span class="s...')
#17 /data/webroot/vendor/yiisoft/yii2/base/Module.php(569): yii\BaseYii::createObject('<span class="st...', '[<span class="s...')
#18 /data/webroot/vendor/yiisoft/yii2/base/Module.php(522): yii\base\Module->createControllerByID('<span class="st...')
#19 /data/webroot/vendor/yiisoft/yii2/base/Module.php(448): yii\base\Module->createController('<span class="st...')
#20 /data/webroot/vendor/yiisoft/yii2/web/Application.php(100): yii\base\Module->runAction('<span class="st...', '[]')
#21 /data/webroot/vendor/yiisoft/yii2/base/Application.php(375): yii\web\Application->handleRequest(Object(yii\web\Request))
#22 /data/webroot/web/index.php(12): yii\base\Application->run()
#23 {main}

Next exception 'yii\db\Exception' with message 'SQLSTATE[HY000] [1045] Access denied for user 'yii2_basic'@'localhost' (using password: YES)' in /data/webroot/vendor/yiisoft/yii2/db/Connection.php:549
Stack trace:
#0 /data/webroot/vendor/yiisoft/yii2/db/Connection.php(863): yii\db\Connection->open()
#1 /data/webroot/vendor/yiisoft/yii2/db/Connection.php(850): yii\db\Connection->getMasterPdo()
#2 /data/webroot/vendor/yiisoft/yii2/db/Command.php(219): yii\db\Connection->getSlavePdo()
#3 /data/webroot/vendor/yiisoft/yii2/db/Command.php(894): yii\db\Command->prepare('<span class="ke...')
#4 /data/webroot/vendor/yiisoft/yii2/db/Command.php(362): yii\db\Command->queryInternal('<span class="st...', '<span class="ke...')
#5 /data/webroot/vendor/yiisoft/yii2/db/Query.php(210): yii\db\Command->queryAll()
#6 /data/webroot/vendor/yiisoft/yii2/db/ActiveQuery.php(133): yii\db\Query->all('<span class="ke...')
#7 /data/webroot/models/Category.php(120): yii\db\ActiveQuery->all()
#8 /data/webroot/controllers/CommonController.php(53): app\models\Category::getMenu()
#9 /data/webroot/vendor/yiisoft/yii2/base/Object.php(107): app\controllers\CommonController->init()
#10 /data/webroot/vendor/yiisoft/yii2/base/Controller.php(84): yii\base\Object->__construct('[]')
#11 [internal function]: yii\base\Controller->__construct('<span class="st...', Object(yii\web\Application), '[]')
#12 /data/webroot/vendor/yiisoft/yii2/di/Container.php(373): ReflectionClass->newInstanceArgs('[<span class="s...')
#13 /data/webroot/vendor/yiisoft/yii2/di/Container.php(154): yii\di\Container->build('<span class="st...', '[<span class="s...', '[]')
#14 /data/webroot/vendor/yiisoft/yii2/BaseYii.php(340): yii\di\Container->get('<span class="st...', '[<span class="s...')
#15 /data/webroot/vendor/yiisoft/yii2/base/Module.php(569): yii\BaseYii::createObject('<span class="st...', '[<span class="s...')
#16 /data/webroot/vendor/yiisoft/yii2/base/Module.php(522): yii\base\Module->createControllerByID('<span class="st...')
#17 /data/webroot/vendor/yiisoft/yii2/base/Module.php(448): yii\base\Module->createController('<span class="st...')
#18 /data/webroot/vendor/yiisoft/yii2/web/Application.php(100): yii\base\Module->runAction('<span class="st...', '[]')
#19 /data/webroot/vendor/yiisoft/yii2/base/Application.php(375): yii\web\Application->handleRequest(Object(yii\web\Request))
#20 /data/webroot/web/index.php(12): yii\base\Application->run()
#21 {main}
Additional Information:

2017-03-22 20:52:33 [172.16.67.0][-][-][info][application] $_SERVER = [
    'USER' => 'www'
    'HOME' => '/home/www'
    'FCGI_ROLE' => 'RESPONDER'
    'SCRIPT_FILENAME' => '/data/webroot/web/index.php'
    'QUERY_STRING' => ''
    'REQUEST_METHOD' => 'GET'
    'CONTENT_TYPE' => ''
    'CONTENT_LENGTH' => ''
    'SCRIPT_NAME' => '/index.php'
    'REQUEST_URI' => '/'
    'DOCUMENT_URI' => '/index.php'
    'DOCUMENT_ROOT' => '/data/webroot/web'
    'SERVER_PROTOCOL' => 'HTTP/1.0'
    'REQUEST_SCHEME' => 'http'
    'GATEWAY_INTERFACE' => 'CGI/1.1'
    'SERVER_SOFTWARE' => 'nginx/1.9.3'
    'REMOTE_ADDR' => '172.16.67.0'
    'REMOTE_PORT' => '49424'
    'SERVER_ADDR' => '172.16.34.13'
    'SERVER_PORT' => '80'
    'SERVER_NAME' => 'localhost'
    'REDIRECT_STATUS' => '200'
    'HTTP_HOST' => 'highking.p.imooc.io'
    'HTTP_MONTH' => '03'
    'HTTP_MARKING' => 'g0vflf'
    'HTTP_CONNECTION' => 'close'
    'HTTP_X_REAL_IP' => '221.223.106.210'
    'HTTP_X_FORWARDED_FOR' => '221.223.106.210'
    'HTTP_UPGRADE_INSECURE_REQUESTS' => '1'
    'HTTP_USER_AGENT' => 'Mozilla/5.0 (Windows NT 6.1; Win64; x64) AppleWebKit/537.36 (KHTML, like Gecko) Chrome/55.0.2883.87 Safari/537.36'
    'HTTP_ACCEPT' => 'text/html,application/xhtml+xml,application/xml;q=0.9,image/webp,*/*;q=0.8'
    'HTTP_REFERER' => 'http://coding.imooc.com/lesson/90.html'
    'HTTP_ACCEPT_ENCODING' => 'gzip, deflate, sdch'
    'HTTP_ACCEPT_LANGUAGE' => 'zh-CN,zh;q=0.8,en;q=0.6,zh-TW;q=0.4'
    'PHP_SELF' => '/index.php'
    'REQUEST_TIME_FLOAT' => 1490187153.1343
    'REQUEST_TIME' => 1490187153
]
2017-03-22 20:54:02 [172.16.67.0][-][-][error][yii\db\Exception] exception 'PDOException' with message 'SQLSTATE[HY000] [1045] Access denied for user 'yii2_basic'@'localhost' (using password: YES)' in /data/webroot/vendor/yiisoft/yii2/db/Connection.php:602
Stack trace:
#0 /data/webroot/vendor/yiisoft/yii2/db/Connection.php(602): PDO->__construct('mysql:host=loca...', 'yii2_basic', 'imooc_basic', NULL)
#1 /data/webroot/vendor/yiisoft/yii2/db/Connection.php(544): yii\db\Connection->createPdoInstance()
#2 /data/webroot/vendor/yiisoft/yii2/db/Connection.php(863): yii\db\Connection->open()
#3 /data/webroot/vendor/yiisoft/yii2/db/Connection.php(850): yii\db\Connection->getMasterPdo()
#4 /data/webroot/vendor/yiisoft/yii2/db/Command.php(219): yii\db\Connection->getSlavePdo()
#5 /data/webroot/vendor/yiisoft/yii2/db/Command.php(894): yii\db\Command->prepare('<span class="ke...')
#6 /data/webroot/vendor/yiisoft/yii2/db/Command.php(362): yii\db\Command->queryInternal('<span class="st...', '<span class="ke...')
#7 /data/webroot/vendor/yiisoft/yii2/db/Query.php(210): yii\db\Command->queryAll()
#8 /data/webroot/vendor/yiisoft/yii2/db/ActiveQuery.php(133): yii\db\Query->all('<span class="ke...')
#9 /data/webroot/models/Category.php(120): yii\db\ActiveQuery->all()
#10 /data/webroot/controllers/CommonController.php(53): app\models\Category::getMenu()
#11 /data/webroot/vendor/yiisoft/yii2/base/Object.php(107): app\controllers\CommonController->init()
#12 /data/webroot/vendor/yiisoft/yii2/base/Controller.php(84): yii\base\Object->__construct('[]')
#13 [internal function]: yii\base\Controller->__construct('<span class="st...', Object(yii\web\Application), '[]')
#14 /data/webroot/vendor/yiisoft/yii2/di/Container.php(373): ReflectionClass->newInstanceArgs('[<span class="s...')
#15 /data/webroot/vendor/yiisoft/yii2/di/Container.php(154): yii\di\Container->build('<span class="st...', '[<span class="s...', '[]')
#16 /data/webroot/vendor/yiisoft/yii2/BaseYii.php(340): yii\di\Container->get('<span class="st...', '[<span class="s...')
#17 /data/webroot/vendor/yiisoft/yii2/base/Module.php(569): yii\BaseYii::createObject('<span class="st...', '[<span class="s...')
#18 /data/webroot/vendor/yiisoft/yii2/base/Module.php(522): yii\base\Module->createControllerByID('<span class="st...')
#19 /data/webroot/vendor/yiisoft/yii2/base/Module.php(448): yii\base\Module->createController('<span class="st...')
#20 /data/webroot/vendor/yiisoft/yii2/web/Application.php(100): yii\base\Module->runAction('<span class="st...', '[]')
#21 /data/webroot/vendor/yiisoft/yii2/base/Application.php(375): yii\web\Application->handleRequest(Object(yii\web\Request))
#22 /data/webroot/web/index.php(12): yii\base\Application->run()
#23 {main}

Next exception 'yii\db\Exception' with message 'SQLSTATE[HY000] [1045] Access denied for user 'yii2_basic'@'localhost' (using password: YES)' in /data/webroot/vendor/yiisoft/yii2/db/Connection.php:549
Stack trace:
#0 /data/webroot/vendor/yiisoft/yii2/db/Connection.php(863): yii\db\Connection->open()
#1 /data/webroot/vendor/yiisoft/yii2/db/Connection.php(850): yii\db\Connection->getMasterPdo()
#2 /data/webroot/vendor/yiisoft/yii2/db/Command.php(219): yii\db\Connection->getSlavePdo()
#3 /data/webroot/vendor/yiisoft/yii2/db/Command.php(894): yii\db\Command->prepare('<span class="ke...')
#4 /data/webroot/vendor/yiisoft/yii2/db/Command.php(362): yii\db\Command->queryInternal('<span class="st...', '<span class="ke...')
#5 /data/webroot/vendor/yiisoft/yii2/db/Query.php(210): yii\db\Command->queryAll()
#6 /data/webroot/vendor/yiisoft/yii2/db/ActiveQuery.php(133): yii\db\Query->all('<span class="ke...')
#7 /data/webroot/models/Category.php(120): yii\db\ActiveQuery->all()
#8 /data/webroot/controllers/CommonController.php(53): app\models\Category::getMenu()
#9 /data/webroot/vendor/yiisoft/yii2/base/Object.php(107): app\controllers\CommonController->init()
#10 /data/webroot/vendor/yiisoft/yii2/base/Controller.php(84): yii\base\Object->__construct('[]')
#11 [internal function]: yii\base\Controller->__construct('<span class="st...', Object(yii\web\Application), '[]')
#12 /data/webroot/vendor/yiisoft/yii2/di/Container.php(373): ReflectionClass->newInstanceArgs('[<span class="s...')
#13 /data/webroot/vendor/yiisoft/yii2/di/Container.php(154): yii\di\Container->build('<span class="st...', '[<span class="s...', '[]')
#14 /data/webroot/vendor/yiisoft/yii2/BaseYii.php(340): yii\di\Container->get('<span class="st...', '[<span class="s...')
#15 /data/webroot/vendor/yiisoft/yii2/base/Module.php(569): yii\BaseYii::createObject('<span class="st...', '[<span class="s...')
#16 /data/webroot/vendor/yiisoft/yii2/base/Module.php(522): yii\base\Module->createControllerByID('<span class="st...')
#17 /data/webroot/vendor/yiisoft/yii2/base/Module.php(448): yii\base\Module->createController('<span class="st...')
#18 /data/webroot/vendor/yiisoft/yii2/web/Application.php(100): yii\base\Module->runAction('<span class="st...', '[]')
#19 /data/webroot/vendor/yiisoft/yii2/base/Application.php(375): yii\web\Application->handleRequest(Object(yii\web\Request))
#20 /data/webroot/web/index.php(12): yii\base\Application->run()
#21 {main}
Additional Information:

2017-03-22 20:54:02 [172.16.67.0][-][-][info][application] $_SERVER = [
    'USER' => 'www'
    'HOME' => '/home/www'
    'FCGI_ROLE' => 'RESPONDER'
    'SCRIPT_FILENAME' => '/data/webroot/web/index.php'
    'QUERY_STRING' => ''
    'REQUEST_METHOD' => 'GET'
    'CONTENT_TYPE' => ''
    'CONTENT_LENGTH' => ''
    'SCRIPT_NAME' => '/index.php'
    'REQUEST_URI' => '/'
    'DOCUMENT_URI' => '/index.php'
    'DOCUMENT_ROOT' => '/data/webroot/web'
    'SERVER_PROTOCOL' => 'HTTP/1.0'
    'REQUEST_SCHEME' => 'http'
    'GATEWAY_INTERFACE' => 'CGI/1.1'
    'SERVER_SOFTWARE' => 'nginx/1.9.3'
    'REMOTE_ADDR' => '172.16.67.0'
    'REMOTE_PORT' => '50066'
    'SERVER_ADDR' => '172.16.34.13'
    'SERVER_PORT' => '80'
    'SERVER_NAME' => 'localhost'
    'REDIRECT_STATUS' => '200'
    'HTTP_HOST' => 'highking.p.imooc.io'
    'HTTP_MONTH' => '03'
    'HTTP_MARKING' => 'g0vflf'
    'HTTP_CONNECTION' => 'close'
    'HTTP_X_REAL_IP' => '220.181.132.220'
    'HTTP_X_FORWARDED_FOR' => '220.181.132.220'
    'HTTP_ACCEPT_ENCODING' => 'identity'
    'HTTP_REFERER' => 'http://highking.p.imooc.io/'
    'HTTP_ACCEPT_LANGUAGE' => 'zh-CN,zh;q=0.8'
    'HTTP_USER_AGENT' => 'Mozilla/4.0 (compatible; MSIE 8.0; Windows NT 6.1; Trident/4.0; SLCC2; .NET CLR 2.0.50727; .NET CLR 3.5.30729; .NET CLR 3.0.30729; Media Center PC 6.0; Tablet PC 2.0)'
    'PHP_SELF' => '/index.php'
    'REQUEST_TIME_FLOAT' => 1490187242.6748
    'REQUEST_TIME' => 1490187242
]
